<?xml version="1.0" encoding="UTF-8"?>
<!-- Generated by org.testng.reporters.JUnitReportReporter -->
<testsuite hostname="DESKTOP-GOHSBQA" failures="0" tests="2" name="testValidation.test" time="61.970" errors="0" timestamp="2022-11-06T19:18:00 IST" skipped="0">
  <testcase classname="testValidation.test" name="validation_1" time="29.560"/>
  <system-out/>
  <testcase classname="testValidation.test" name="validation_2" time="32.410"/>
  <system-out/>
</testsuite> <!-- testValidation.test -->
